[23:40:08] [main/ERROR]: Failed to load properties from file: server.properties
[23:40:08] [main/INFO]: Environment: authHost='https://authserver.mojang.com', accountsHost='https://api.mojang.com', sessionHost='https://sessionserver.mojang.com', servicesHost='https://api.minecraftservices.com', name='PROD'
[23:40:09] [main/INFO]: Found new data pack file/bukkit, loading it automatically
[23:40:09] [main/INFO]: Reloading ResourceManager: Default, bukkit
[23:40:10] [Worker-Main-9/INFO]: Loaded 7 recipes
[23:40:12] [Server thread/INFO]: Starting minecraft server version 1.16.4
[23:40:12] [Server thread/INFO]: Loading properties
[23:40:13] [Server thread/INFO]: This server is running CraftBukkit version git-Spigot-37d799b-3eb7236 (MC: 1.16.4) (Implementing API version 1.16.4-R0.1-SNAPSHOT)
[23:40:13] [Server thread/INFO]: Server Ping Player Sample Count: 12
[23:40:13] [Server thread/INFO]: Using 4 threads for Netty based IO
[23:40:13] [Server thread/INFO]: Debug logging is disabled
[23:40:13] [Server thread/INFO]: Default game type: SURVIVAL
[23:40:13] [Server thread/INFO]: Generating keypair
[23:40:13] [Server thread/INFO]: Starting Minecraft server on *:25565
[23:40:13] [Server thread/INFO]: Using epoll channel type
[23:40:14] [Server thread/INFO]: Preparing level "world"
[23:40:14] [Server thread/INFO]: -------- World Settings For [world] --------
[23:40:14] [Server thread/INFO]: Experience Merge Radius: 3.0
[23:40:14] [Server thread/INFO]: Mob Spawn Range: 6
[23:40:14] [Server thread/INFO]: Cactus Growth Modifier: 100%
[23:40:14] [Server thread/INFO]: Cane Growth Modifier: 100%
[23:40:14] [Server thread/INFO]: Melon Growth Modifier: 100%
[23:40:14] [Server thread/INFO]: Mushroom Growth Modifier: 100%
[23:40:14] [Server thread/INFO]: Pumpkin Growth Modifier: 100%
[23:40:14] [Server thread/INFO]: Sapling Growth Modifier: 100%
[23:40:14] [Server thread/INFO]: Beetroot Growth Modifier: 100%
[23:40:14] [Server thread/INFO]: Carrot Growth Modifier: 100%
[23:40:14] [Server thread/INFO]: Potato Growth Modifier: 100%
[23:40:14] [Server thread/INFO]: Wheat Growth Modifier: 100%
[23:40:14] [Server thread/INFO]: NetherWart Growth Modifier: 100%
[23:40:14] [Server thread/INFO]: Vine Growth Modifier: 100%
[23:40:14] [Server thread/INFO]: Cocoa Growth Modifier: 100%
[23:40:14] [Server thread/INFO]: Bamboo Growth Modifier: 100%
[23:40:14] [Server thread/INFO]: SweetBerry Growth Modifier: 100%
[23:40:14] [Server thread/INFO]: Kelp Growth Modifier: 100%
[23:40:14] [Server thread/INFO]: Entity Activation Range: An 32 / Mo 32 / Ra 48 / Mi 16 / Tiv true
[23:40:14] [Server thread/INFO]: Hopper Transfer: 8 Hopper Check: 1 Hopper Amount: 1
[23:40:14] [Server thread/INFO]: Custom Map Seeds:  Village: 10387312 Desert: 14357617 Igloo: 14357618 Jungle: 14357619 Swamp: 14357620 Monument: 10387313 Ocean: 14357621 Shipwreck: 165745295 End City: 10387313 Slime: 987234911 Bastion: 30084232 Fortress: 30084232 Mansion: 10387319 Fossil: 14357921 Portal: 34222645
[23:40:14] [Server thread/INFO]: Max TNT Explosions: 100
[23:40:14] [Server thread/INFO]: Tile Max Tick Time: 50ms Entity max Tick Time: 50ms
[23:40:14] [Server thread/INFO]: Entity Tracking Range: Pl 48 / An 48 / Mo 48 / Mi 32 / Other 64
[23:40:14] [Server thread/INFO]: Allow Zombie Pigmen to spawn from portal blocks: true
[23:40:14] [Server thread/INFO]: View Distance: 10
[23:40:14] [Server thread/INFO]: Item Despawn Rate: 6000
[23:40:14] [Server thread/INFO]: Item Merge Radius: 2.5
[23:40:14] [Server thread/INFO]: Arrow Despawn Rate: 1200 Trident Respawn Rate:1200
[23:40:14] [Server thread/INFO]: Zombie Aggressive Towards Villager: true
[23:40:14] [Server thread/INFO]: Nerfing mobs spawned from spawners: false
[23:40:23] [Server thread/INFO]: -------- World Settings For [world_nether] --------
[23:40:23] [Server thread/INFO]: Experience Merge Radius: 3.0
[23:40:23] [Server thread/INFO]: Mob Spawn Range: 6
[23:40:23] [Server thread/INFO]: Cactus Growth Modifier: 100%
[23:40:23] [Server thread/INFO]: Cane Growth Modifier: 100%
[23:40:23] [Server thread/INFO]: Melon Growth Modifier: 100%
[23:40:23] [Server thread/INFO]: Mushroom Growth Modifier: 100%
[23:40:23] [Server thread/INFO]: Pumpkin Growth Modifier: 100%
[23:40:23] [Server thread/INFO]: Sapling Growth Modifier: 100%
[23:40:23] [Server thread/INFO]: Beetroot Growth Modifier: 100%
[23:40:23] [Server thread/INFO]: Carrot Growth Modifier: 100%
[23:40:23] [Server thread/INFO]: Potato Growth Modifier: 100%
[23:40:23] [Server thread/INFO]: Wheat Growth Modifier: 100%
[23:40:23] [Server thread/INFO]: NetherWart Growth Modifier: 100%
[23:40:23] [Server thread/INFO]: Vine Growth Modifier: 100%
[23:40:23] [Server thread/INFO]: Cocoa Growth Modifier: 100%
[23:40:23] [Server thread/INFO]: Bamboo Growth Modifier: 100%
[23:40:23] [Server thread/INFO]: SweetBerry Growth Modifier: 100%
[23:40:23] [Server thread/INFO]: Kelp Growth Modifier: 100%
[23:40:23] [Server thread/INFO]: Entity Activation Range: An 32 / Mo 32 / Ra 48 / Mi 16 / Tiv true
[23:40:23] [Server thread/INFO]: Hopper Transfer: 8 Hopper Check: 1 Hopper Amount: 1
[23:40:23] [Server thread/INFO]: Custom Map Seeds:  Village: 10387312 Desert: 14357617 Igloo: 14357618 Jungle: 14357619 Swamp: 14357620 Monument: 10387313 Ocean: 14357621 Shipwreck: 165745295 End City: 10387313 Slime: 987234911 Bastion: 30084232 Fortress: 30084232 Mansion: 10387319 Fossil: 14357921 Portal: 34222645
[23:40:23] [Server thread/INFO]: Max TNT Explosions: 100
[23:40:23] [Server thread/INFO]: Tile Max Tick Time: 50ms Entity max Tick Time: 50ms
[23:40:23] [Server thread/INFO]: Entity Tracking Range: Pl 48 / An 48 / Mo 48 / Mi 32 / Other 64
[23:40:23] [Server thread/INFO]: Allow Zombie Pigmen to spawn from portal blocks: true
[23:40:23] [Server thread/INFO]: View Distance: 10
[23:40:23] [Server thread/INFO]: Item Despawn Rate: 6000
[23:40:23] [Server thread/INFO]: Item Merge Radius: 2.5
[23:40:23] [Server thread/INFO]: Arrow Despawn Rate: 1200 Trident Respawn Rate:1200
[23:40:23] [Server thread/INFO]: Zombie Aggressive Towards Villager: true
[23:40:23] [Server thread/INFO]: Nerfing mobs spawned from spawners: false
[23:40:23] [Server thread/WARN]: Unable to find spawn biome
[23:40:26] [Server thread/INFO]: -------- World Settings For [world_the_end] --------
[23:40:26] [Server thread/INFO]: Experience Merge Radius: 3.0
[23:40:26] [Server thread/INFO]: Mob Spawn Range: 6
[23:40:26] [Server thread/INFO]: Cactus Growth Modifier: 100%
[23:40:26] [Server thread/INFO]: Cane Growth Modifier: 100%
[23:40:26] [Server thread/INFO]: Melon Growth Modifier: 100%
[23:40:26] [Server thread/INFO]: Mushroom Growth Modifier: 100%
[23:40:26] [Server thread/INFO]: Pumpkin Growth Modifier: 100%
[23:40:26] [Server thread/INFO]: Sapling Growth Modifier: 100%
[23:40:26] [Server thread/INFO]: Beetroot Growth Modifier: 100%
[23:40:26] [Server thread/INFO]: Carrot Growth Modifier: 100%
[23:40:26] [Server thread/INFO]: Potato Growth Modifier: 100%
[23:40:26] [Server thread/INFO]: Wheat Growth Modifier: 100%
[23:40:26] [Server thread/INFO]: NetherWart Growth Modifier: 100%
[23:40:26] [Server thread/INFO]: Vine Growth Modifier: 100%
[23:40:26] [Server thread/INFO]: Cocoa Growth Modifier: 100%
[23:40:26] [Server thread/INFO]: Bamboo Growth Modifier: 100%
[23:40:26] [Server thread/INFO]: SweetBerry Growth Modifier: 100%
[23:40:26] [Server thread/INFO]: Kelp Growth Modifier: 100%
[23:40:26] [Server thread/INFO]: Entity Activation Range: An 32 / Mo 32 / Ra 48 / Mi 16 / Tiv true
[23:40:26] [Server thread/INFO]: Hopper Transfer: 8 Hopper Check: 1 Hopper Amount: 1
[23:40:26] [Server thread/INFO]: Custom Map Seeds:  Village: 10387312 Desert: 14357617 Igloo: 14357618 Jungle: 14357619 Swamp: 14357620 Monument: 10387313 Ocean: 14357621 Shipwreck: 165745295 End City: 10387313 Slime: 987234911 Bastion: 30084232 Fortress: 30084232 Mansion: 10387319 Fossil: 14357921 Portal: 34222645
[23:40:26] [Server thread/INFO]: Max TNT Explosions: 100
[23:40:26] [Server thread/INFO]: Tile Max Tick Time: 50ms Entity max Tick Time: 50ms
[23:40:26] [Server thread/INFO]: Entity Tracking Range: Pl 48 / An 48 / Mo 48 / Mi 32 / Other 64
[23:40:26] [Server thread/INFO]: Allow Zombie Pigmen to spawn from portal blocks: true
[23:40:26] [Server thread/INFO]: View Distance: 10
[23:40:26] [Server thread/INFO]: Item Despawn Rate: 6000
[23:40:26] [Server thread/INFO]: Item Merge Radius: 2.5
[23:40:26] [Server thread/INFO]: Arrow Despawn Rate: 1200 Trident Respawn Rate:1200
[23:40:26] [Server thread/INFO]: Zombie Aggressive Towards Villager: true
[23:40:26] [Server thread/INFO]: Nerfing mobs spawned from spawners: false
[23:40:26] [Server thread/WARN]: Unable to find spawn biome
[23:40:26] [Server thread/INFO]: Preparing start region for dimension minecraft:overworld
[23:40:26] [Worker-Main-7/INFO]: Preparing spawn area: 0%
[23:40:27] [Worker-Main-10/INFO]: Preparing spawn area: 0%
[23:40:27] [Worker-Main-10/INFO]: Preparing spawn area: 0%
[23:40:28] [Worker-Main-7/INFO]: Preparing spawn area: 0%
[23:40:28] [Worker-Main-6/INFO]: Preparing spawn area: 0%
[23:40:29] [Worker-Main-7/INFO]: Preparing spawn area: 2%
[23:40:29] [Worker-Main-9/INFO]: Preparing spawn area: 3%
[23:40:30] [Worker-Main-7/INFO]: Preparing spawn area: 4%
[23:40:30] [Worker-Main-10/INFO]: Preparing spawn area: 5%
[23:40:31] [Worker-Main-9/INFO]: Preparing spawn area: 7%
[23:40:31] [Worker-Main-8/INFO]: Preparing spawn area: 9%
[23:40:32] [Worker-Main-10/INFO]: Preparing spawn area: 9%
[23:40:32] [Worker-Main-10/INFO]: Preparing spawn area: 13%
[23:40:33] [Worker-Main-7/INFO]: Preparing spawn area: 13%
[23:40:33] [Worker-Main-8/INFO]: Preparing spawn area: 15%
[23:40:34] [Worker-Main-6/INFO]: Preparing spawn area: 19%
[23:40:34] [Worker-Main-7/INFO]: Preparing spawn area: 19%
[23:40:35] [Worker-Main-9/INFO]: Preparing spawn area: 23%
[23:40:35] [Worker-Main-10/INFO]: Preparing spawn area: 25%
[23:40:36] [Worker-Main-8/INFO]: Preparing spawn area: 25%
[23:40:36] [Worker-Main-10/INFO]: Preparing spawn area: 25%
[23:40:37] [Worker-Main-7/INFO]: Preparing spawn area: 32%
[23:40:37] [Worker-Main-6/INFO]: Preparing spawn area: 34%
[23:40:38] [Worker-Main-10/INFO]: Preparing spawn area: 35%
[23:40:38] [Worker-Main-8/INFO]: Preparing spawn area: 40%
[23:40:39] [Worker-Main-7/INFO]: Preparing spawn area: 40%
[23:40:39] [Worker-Main-8/INFO]: Preparing spawn area: 45%
[23:40:40] [Worker-Main-6/INFO]: Preparing spawn area: 45%
[23:40:40] [Worker-Main-10/INFO]: Preparing spawn area: 53%
[23:40:41] [Worker-Main-7/INFO]: Preparing spawn area: 56%
[23:40:41] [Worker-Main-10/INFO]: Preparing spawn area: 61%
[23:40:42] [Worker-Main-10/INFO]: Preparing spawn area: 61%
[23:40:42] [Worker-Main-6/INFO]: Preparing spawn area: 69%
[23:40:43] [Worker-Main-8/INFO]: Preparing spawn area: 71%
[23:40:43] [Worker-Main-9/INFO]: Preparing spawn area: 76%
[23:40:44] [Worker-Main-6/INFO]: Preparing spawn area: 79%
[23:40:44] [Worker-Main-8/INFO]: Preparing spawn area: 82%
[23:40:46] [Worker-Main-7/INFO]: Preparing spawn area: 85%
[23:40:46] [Worker-Main-6/INFO]: Preparing spawn area: 85%
[23:40:46] [Worker-Main-8/INFO]: Preparing spawn area: 91%
[23:40:46] [Worker-Main-8/INFO]: Preparing spawn area: 91%
[23:40:47] [Server thread/INFO]: Time elapsed: 20353 ms
[23:40:47] [Server thread/INFO]: Preparing start region for dimension minecraft:the_nether
[23:40:47] [Worker-Main-9/INFO]: Preparing spawn area: 0%
[23:40:47] [Worker-Main-7/INFO]: Preparing spawn area: 2%
[23:40:48] [Worker-Main-7/INFO]: Preparing spawn area: 6%
[23:40:48] [Worker-Main-9/INFO]: Preparing spawn area: 10%
[23:40:49] [Worker-Main-8/INFO]: Preparing spawn area: 15%
[23:40:49] [Worker-Main-10/INFO]: Preparing spawn area: 21%
[23:40:50] [Worker-Main-8/INFO]: Preparing spawn area: 25%
[23:40:50] [Worker-Main-8/INFO]: Preparing spawn area: 29%
[23:40:51] [Worker-Main-9/INFO]: Preparing spawn area: 35%
[23:40:51] [Worker-Main-7/INFO]: Preparing spawn area: 38%
[23:40:52] [Worker-Main-9/INFO]: Preparing spawn area: 43%
[23:40:52] [Worker-Main-10/INFO]: Preparing spawn area: 48%
[23:40:53] [Worker-Main-7/INFO]: Preparing spawn area: 54%
[23:40:53] [Worker-Main-7/INFO]: Preparing spawn area: 56%
[23:40:54] [Worker-Main-8/INFO]: Preparing spawn area: 60%
[23:40:54] [Worker-Main-9/INFO]: Preparing spawn area: 71%
[23:40:55] [Worker-Main-8/INFO]: Preparing spawn area: 77%
[23:40:55] [Worker-Main-10/INFO]: Preparing spawn area: 82%
[23:40:56] [Worker-Main-9/INFO]: Preparing spawn area: 88%
[23:40:56] [Worker-Main-6/INFO]: Preparing spawn area: 93%
[23:40:56] [Server thread/INFO]: Time elapsed: 9846 ms
[23:40:56] [Server thread/INFO]: Preparing start region for dimension minecraft:the_end
[23:40:56] [Worker-Main-8/INFO]: Preparing spawn area: 0%
[23:40:57] [Worker-Main-10/INFO]: Preparing spawn area: 9%
[23:40:57] [Worker-Main-10/INFO]: Preparing spawn area: 31%
[23:40:58] [Worker-Main-7/INFO]: Preparing spawn area: 55%
[23:40:58] [Worker-Main-7/INFO]: Preparing spawn area: 83%
[23:40:59] [Server thread/INFO]: Time elapsed: 2275 ms
[23:40:59] [Server thread/INFO]: Done (44.975s)! For help, type "help"
